\BOOKMARK [0][-]{chapter.1}{Point Estimation - Chapter 7 Casella \046 Berger}{}% 1
\BOOKMARK [1][-]{section.1.1}{Introduction}{chapter.1}% 2
\BOOKMARK [1][-]{section.1.2}{Methods of Finding Estimators}{chapter.1}% 3
\BOOKMARK [2][-]{subsection.1.2.1}{Method of Moments}{section.1.2}% 4
\BOOKMARK [2][-]{subsection.1.2.2}{Maximum Likelihood Estimation}{section.1.2}% 5
\BOOKMARK [2][-]{subsection.1.2.3}{Bayes' Estimation}{section.1.2}% 6
\BOOKMARK [1][-]{section.1.3}{Evaluating Estimation}{chapter.1}% 7
\BOOKMARK [2][-]{subsection.1.3.1}{Mean Squared Error}{section.1.3}% 8
\BOOKMARK [2][-]{subsection.1.3.2}{Best Unbiased Estimator}{section.1.3}% 9
\BOOKMARK [2][-]{subsection.1.3.3}{Loss Function Optimality}{section.1.3}% 10
\BOOKMARK [2][-]{subsection.1.3.4}{Methods of Generating Reasonable Estimators}{section.1.3}% 11
\BOOKMARK [1][-]{section.1.4}{Practice Problems}{chapter.1}% 12
\BOOKMARK [0][-]{chapter.2}{Principles of Data Reduction}{}% 13
\BOOKMARK [1][-]{section.2.1}{Sufficiency Principle}{chapter.2}% 14
\BOOKMARK [1][-]{section.2.2}{Exponential Families}{chapter.2}% 15
\BOOKMARK [2][-]{subsection.2.2.1}{Distribution Families}{section.2.2}% 16
\BOOKMARK [1][-]{section.2.3}{Complete Statistic}{chapter.2}% 17
\BOOKMARK [2][-]{subsection.2.3.1}{Sufficiency and Unbiasness}{section.2.3}% 18
\BOOKMARK [1][-]{section.2.4}{Major/Minorization Mini/Maximization}{chapter.2}% 19
\BOOKMARK [2][-]{subsection.2.4.1}{Bharath's Notes}{section.2.4}% 20
\BOOKMARK [2][-]{subsection.2.4.2}{Dave's Notes}{section.2.4}% 21
\BOOKMARK [2][-]{subsection.2.4.3}{How EM Algorhythms Work}{section.2.4}% 22
\BOOKMARK [0][-]{chapter.3}{Hypothesis Testing}{}% 23
\BOOKMARK [0][-]{chapter*.2}{Bibliography}{}% 24
\BOOKMARK [1][-]{section*.3}{Books}{chapter*.2}% 25
\BOOKMARK [1][-]{section*.4}{Articles}{chapter*.2}% 26
\BOOKMARK [0][-]{section*.5}{Index}{}% 27
